<?xml version="1.0" encoding="UTF-8"?>
<!-- Generated by org.testng.reporters.JUnitReportReporter -->
<testsuite hostname="mehuls-MacBook-Air.local" failures="0" tests="16" name="com.hostelbite.e2e.CombinedJourneyE2ETest" time="31.670" errors="0" timestamp="2026-04-26T21:33:06 IST" skipped="0">
  <testcase classname="com.hostelbite.e2e.CombinedJourneyE2ETest" name="testOwnerRegistration" time="4.007"/>
  <testcase classname="com.hostelbite.e2e.CombinedJourneyE2ETest" name="testOwnerLogout" time="0.213"/>
  <testcase classname="com.hostelbite.e2e.CombinedJourneyE2ETest" name="testOwnerLogin" time="2.164"/>
  <testcase classname="com.hostelbite.e2e.CombinedJourneyE2ETest" name="testUpdateShopSettings" time="1.706"/>
  <testcase classname="com.hostelbite.e2e.CombinedJourneyE2ETest" name="testCreateProducts" time="8.846"/>
  <testcase classname="com.hostelbite.e2e.CombinedJourneyE2ETest" name="step01_register" time="3.162"/>
  <testcase classname="com.hostelbite.e2e.CombinedJourneyE2ETest" name="step02_logout" time="0.301"/>
  <testcase classname="com.hostelbite.e2e.CombinedJourneyE2ETest" name="step03_loginWithSameCredentials" time="2.087"/>
  <testcase classname="com.hostelbite.e2e.CombinedJourneyE2ETest" name="step04_searchAndAddOreo" time="0.861"/>
  <testcase classname="com.hostelbite.e2e.CombinedJourneyE2ETest" name="step05_searchAndAddKitKat" time="1.717"/>
  <testcase classname="com.hostelbite.e2e.CombinedJourneyE2ETest" name="step06_filterChipsAndAddRandomItem" time="3.880"/>
  <testcase classname="com.hostelbite.e2e.CombinedJourneyE2ETest" name="step07_verifyCartHasAllItems" time="0.901"/>
  <testcase classname="com.hostelbite.e2e.CombinedJourneyE2ETest" name="step08_proceedToCheckout" time="0.366"/>
  <testcase classname="com.hostelbite.e2e.CombinedJourneyE2ETest" name="step09_selectCashOnDelivery" time="0.211"/>
  <testcase classname="com.hostelbite.e2e.CombinedJourneyE2ETest" name="step10_placeOrder" time="0.880"/>
  <testcase classname="com.hostelbite.e2e.CombinedJourneyE2ETest" name="step11_verifyOrderInMyOrders" time="0.368"/>
</testsuite> <!-- com.hostelbite.e2e.CombinedJourneyE2ETest -->
